TN:
SF:src/AppModule.ts
FNF:0
FNH:0
DA:1,0
DA:2,0
DA:3,0
DA:10,0
LF:4
LH:0
BRF:0
BRH:0
end_of_record
TN:
SF:src/ControlModule.ts
FNF:0
FNH:0
DA:1,0
DA:2,0
DA:3,0
DA:4,0
DA:5,0
DA:12,0
LF:6
LH:0
BRF:0
BRH:0
end_of_record
TN:
SF:src/FeaturesModule.ts
FNF:0
FNH:0
DA:1,0
DA:2,0
DA:3,0
DA:4,0
DA:5,0
DA:6,0
DA:17,0
LF:7
LH:0
BRF:0
BRH:0
end_of_record
TN:
SF:src/main.ts
FN:15,bootstrap
FNF:1
FNH:0
FNDA:0,bootstrap
DA:1,0
DA:2,0
DA:3,0
DA:4,0
DA:6,0
DA:8,0
DA:12,0
DA:13,0
DA:16,0
DA:20,0
DA:21,0
DA:26,0
DA:32,0
DA:34,0
DA:36,0
DA:38,0
DA:39,0
DA:42,0
LF:18
LH:0
BRDA:16,0,0,0
BRDA:16,0,1,0
BRDA:20,1,0,0
BRDA:20,1,1,0
BRF:4
BRH:0
end_of_record
TN:
SF:src/config/cert.config.ts
FNF:0
FNH:0
DA:1,0
DA:2,0
DA:4,0
DA:6,0
DA:8,0
LF:5
LH:0
BRF:0
BRH:0
end_of_record
TN:
SF:src/config/grpc.config.ts
FNF:0
FNH:0
DA:1,0
DA:2,0
DA:4,0
DA:8,0
DA:10,0
DA:18,0
LF:6
LH:0
BRF:0
BRH:0
end_of_record
TN:
SF:src/config/log.config.ts
FNF:0
FNH:0
DA:1,0
DA:3,0
LF:2
LH:0
BRDA:4,0,0,0
BRDA:4,0,1,0
BRF:2
BRH:0
end_of_record
TN:
SF:src/config/redis.config.ts
FNF:0
FNH:0
DA:2,0
DA:3,0
DA:5,0
DA:7,0
DA:15,0
LF:5
LH:0
BRF:0
BRH:0
end_of_record
TN:
SF:src/config/typeorm.config.ts
FNF:0
FNH:0
DA:2,0
DA:4,0
DA:6,0
DA:17,0
LF:4
LH:0
BRDA:7,0,0,0
BRDA:7,0,1,0
BRDA:8,1,0,0
BRDA:8,1,1,0
BRDA:9,2,0,0
BRDA:9,2,1,0
BRDA:10,3,0,0
BRDA:10,3,1,0
BRDA:11,4,0,0
BRDA:11,4,1,0
BRDA:12,5,0,0
BRDA:12,5,1,0
BRF:12
BRH:0
end_of_record
TN:
SF:src/modules/health/HealthController.ts
FN:13,(anonymous_2)
FN:20,(anonymous_3)
FN:21,(anonymous_4)
FNF:3
FNH:0
FNDA:0,(anonymous_2)
FNDA:0,(anonymous_3)
FNDA:0,(anonymous_4)
DA:1,0
DA:2,0
DA:3,0
DA:12,0
DA:14,0
DA:15,0
DA:20,0
DA:21,0
LF:8
LH:0
BRF:0
BRH:0
end_of_record
TN:
SF:src/modules/roles/RolesModule.ts
FN:26,(anonymous_3)
FNF:1
FNH:0
FNDA:0,(anonymous_3)
DA:1,0
DA:2,0
DA:3,0
DA:5,0
DA:6,0
DA:7,0
DA:8,0
DA:9,0
DA:10,0
DA:11,0
DA:12,0
DA:25,0
LF:12
LH:0
BRF:0
BRH:0
end_of_record
TN:
SF:src/modules/roles/dtos/UpdateRoleDTO.ts
FNF:0
FNH:0
DA:1,0
DA:3,0
DA:6,0
DA:10,0
LF:4
LH:0
BRF:0
BRH:0
end_of_record
TN:
SF:src/modules/roles/infra/grpc/routes/controllers/RolesGrpcController.ts
FN:10,(anonymous_5)
FN:18,(anonymous_6)
FN:34,(anonymous_7)
FNF:3
FNH:0
FNDA:0,(anonymous_5)
FNDA:0,(anonymous_6)
FNDA:0,(anonymous_7)
DA:1,0
DA:3,0
DA:4,0
DA:5,0
DA:6,0
DA:9,0
DA:12,0
DA:13,0
DA:14,0
DA:18,0
DA:20,0
DA:22,0
DA:23,0
DA:25,0
DA:27,0
DA:30,0
DA:34,0
DA:36,0
DA:38,0
DA:39,0
DA:41,0
DA:43,0
DA:46,0
LF:23
LH:0
BRDA:22,0,0,0
BRDA:22,0,1,0
BRDA:38,1,0,0
BRDA:38,1,1,0
BRDA:12,2,0,0
BRDA:12,2,1,0
BRDA:12,3,0,0
BRDA:12,3,1,0
BRF:8
BRH:0
end_of_record
TN:
SF:src/modules/roles/infra/http/routes/controllers/RolesController.ts
FN:20,(anonymous_5)
FN:28,(anonymous_6)
FN:44,(anonymous_7)
FNF:3
FNH:0
FNDA:0,(anonymous_5)
FNDA:0,(anonymous_6)
FNDA:0,(anonymous_7)
DA:2,0
DA:10,0
DA:11,0
DA:12,0
DA:13,0
DA:14,0
DA:19,0
DA:22,0
DA:23,0
DA:24,0
DA:28,0
DA:30,0
DA:32,0
DA:33,0
DA:35,0
DA:37,0
DA:40,0
DA:44,0
DA:46,0
DA:48,0
DA:49,0
DA:51,0
DA:53,0
DA:56,0
LF:24
LH:0
BRDA:32,0,0,0
BRDA:32,0,1,0
BRDA:48,1,0,0
BRDA:48,1,1,0
BRDA:22,2,0,0
BRDA:22,2,1,0
BRDA:22,3,0,0
BRDA:22,3,1,0
BRF:8
BRH:0
end_of_record
TN:
SF:src/modules/roles/infra/typeorm/repositories/RolesRepository.ts
FN:7,(anonymous_2)
FN:13,(anonymous_3)
FN:17,(anonymous_4)
FNF:3
FNH:0
FNDA:0,(anonymous_2)
FNDA:0,(anonymous_3)
FNDA:0,(anonymous_4)
DA:2,2
DA:3,2
DA:7,2
DA:11,0
DA:14,0
DA:18,0
LF:6
LH:3
BRF:0
BRH:0
end_of_record
TN:
SF:src/modules/roles/repositories/fakes/FakeRolesRepository.ts
FN:5,(anonymous_0)
FN:21,(anonymous_1)
FN:22,(anonymous_2)
FN:25,(anonymous_3)
FNF:4
FNH:4
FNDA:3,(anonymous_0)
FNDA:2,(anonymous_1)
FNDA:3,(anonymous_2)
FNDA:1,(anonymous_3)
DA:5,2
DA:6,3
DA:22,3
DA:26,1
LF:4
LH:4
BRF:0
BRH:0
end_of_record
TN:
SF:src/modules/roles/services/ListAllRolesService.ts
FN:7,(anonymous_3)
FN:9,(anonymous_4)
FNF:2
FNH:2
FNDA:1,(anonymous_3)
FNDA:1,(anonymous_4)
DA:2,1
DA:3,1
DA:6,1
DA:7,1
DA:10,1
LF:5
LH:5
BRF:0
BRH:0
end_of_record
TN:
SF:src/modules/roles/services/ListRoleService.ts
FN:7,(anonymous_3)
FN:9,(anonymous_4)
FNF:2
FNH:2
FNDA:2,(anonymous_3)
FNDA:2,(anonymous_4)
DA:2,1
DA:3,1
DA:6,1
DA:7,2
DA:10,2
DA:12,2
DA:13,1
DA:16,1
LF:8
LH:8
BRDA:12,0,0,1
BRDA:12,0,1,1
BRF:2
BRH:2
end_of_record
TN:
SF:src/modules/tenants/TenantsModule.ts
FN:32,(anonymous_3)
FNF:1
FNH:0
FNDA:0,(anonymous_3)
DA:1,0
DA:2,0
DA:3,0
DA:5,0
DA:6,0
DA:7,0
DA:8,0
DA:9,0
DA:10,0
DA:11,0
DA:12,0
DA:13,0
DA:14,0
DA:31,0
LF:14
LH:0
BRF:0
BRH:0
end_of_record
TN:
SF:src/modules/tenants/dtos/CreateTenantDTO.ts
FNF:0
FNH:0
DA:1,0
DA:3,0
DA:6,0
LF:3
LH:0
BRF:0
BRH:0
end_of_record
TN:
SF:src/modules/tenants/dtos/UpdateTenantDTO.ts
FNF:0
FNH:0
DA:1,0
DA:3,0
DA:6,0
DA:10,0
LF:4
LH:0
BRF:0
BRH:0
end_of_record
TN:
SF:src/modules/tenants/infra/events/controllers/TenantsEventController.ts
FN:11,(anonymous_5)
FN:18,(anonymous_6)
FN:28,(anonymous_7)
FNF:3
FNH:0
FNDA:0,(anonymous_5)
FNDA:0,(anonymous_6)
FNDA:0,(anonymous_7)
DA:1,0
DA:2,0
DA:3,0
DA:4,0
DA:5,0
DA:6,0
DA:10,0
DA:13,0
DA:14,0
DA:18,0
DA:19,0
DA:20,0
DA:22,0
DA:24,0
DA:28,0
DA:29,0
DA:30,0
DA:32,0
DA:34,0
DA:36,0
LF:20
LH:0
BRDA:13,0,0,0
BRDA:13,0,1,0
BRDA:13,1,0,0
BRDA:13,1,1,0
BRF:4
BRH:0
end_of_record
TN:
SF:src/modules/tenants/infra/grpc/routes/controllers/TenantsGrpcController.ts
FN:13,(anonymous_5)
FN:22,(anonymous_6)
FNF:2
FNH:0
FNDA:0,(anonymous_5)
FNDA:0,(anonymous_6)
DA:2,0
DA:3,0
DA:6,0
DA:7,0
DA:8,0
DA:9,0
DA:12,0
DA:15,0
DA:16,0
DA:17,0
DA:18,0
DA:22,0
DA:24,0
DA:26,0
DA:27,0
DA:29,0
DA:31,0
DA:34,0
LF:18
LH:0
BRDA:26,0,0,0
BRDA:26,0,1,0
BRDA:15,1,0,0
BRDA:15,1,1,0
BRDA:15,2,0,0
BRDA:15,2,1,0
BRF:6
BRH:0
end_of_record
TN:
SF:src/modules/tenants/infra/http/routes/controllers/TenantsController.ts
FN:26,(anonymous_5)
FN:36,(anonymous_6)
FN:48,(anonymous_7)
FNF:3
FNH:0
FNDA:0,(anonymous_5)
FNDA:0,(anonymous_6)
FNDA:0,(anonymous_7)
DA:2,0
DA:3,0
DA:4,0
DA:15,0
DA:16,0
DA:17,0
DA:19,0
DA:20,0
DA:25,0
DA:28,0
DA:29,0
DA:30,0
DA:31,0
DA:32,0
DA:36,0
DA:40,0
DA:42,0
DA:44,0
DA:48,0
DA:50,0
DA:52,0
DA:53,0
DA:55,0
DA:57,0
DA:60,0
LF:25
LH:0
BRDA:52,0,0,0
BRDA:52,0,1,0
BRDA:28,1,0,0
BRDA:28,1,1,0
BRDA:28,2,0,0
BRDA:28,2,1,0
BRF:6
BRH:0
end_of_record
TN:
SF:src/modules/tenants/infra/typeorm/repositories/TenantsRepository.ts
FN:7,(anonymous_2)
FN:13,(anonymous_3)
FN:19,(anonymous_4)
FN:23,(anonymous_5)
FN:27,(anonymous_6)
FNF:5
FNH:0
FNDA:0,(anonymous_2)
FNDA:0,(anonymous_3)
FNDA:0,(anonymous_4)
FNDA:0,(anonymous_5)
FNDA:0,(anonymous_6)
DA:2,3
DA:3,3
DA:7,3
DA:11,0
DA:14,0
DA:16,0
DA:20,0
DA:24,0
DA:28,0
LF:9
LH:3
BRF:0
BRH:0
end_of_record
TN:
SF:src/modules/tenants/repositories/fakes/FakeTenantsRepository.ts
FN:6,(anonymous_1)
FN:9,(anonymous_2)
FN:22,(anonymous_3)
FN:30,(anonymous_4)
FN:31,(anonymous_5)
FN:34,(anonymous_6)
FN:35,(anonymous_7)
FNF:7
FNH:7
FNDA:7,(anonymous_1)
FNDA:6,(anonymous_2)
FNDA:1,(anonymous_3)
FNDA:6,(anonymous_4)
FNDA:4,(anonymous_5)
FNDA:5,(anonymous_6)
FNDA:3,(anonymous_7)
DA:3,3
DA:6,3
DA:7,7
DA:10,6
DA:17,6
DA:19,6
DA:23,1
DA:25,1
DA:27,1
DA:31,6
DA:35,5
LF:11
LH:11
BRF:0
BRH:0
end_of_record
TN:
SF:src/modules/tenants/services/CreateTenantService.ts
FN:8,(anonymous_3)
FN:10,(anonymous_4)
FNF:2
FNH:2
FNDA:4,(anonymous_3)
FNDA:4,(anonymous_4)
DA:1,2
DA:4,2
DA:7,2
DA:8,4
DA:11,4
DA:13,4
DA:14,1
DA:17,3
LF:8
LH:8
BRDA:13,0,0,1
BRDA:13,0,1,3
BRF:2
BRH:2
end_of_record
TN:
SF:src/modules/tenants/services/ListTenantService.ts
FN:8,(anonymous_3)
FN:10,(anonymous_4)
FNF:2
FNH:2
FNDA:2,(anonymous_3)
FNDA:2,(anonymous_4)
DA:1,1
DA:4,1
DA:7,1
DA:8,2
DA:11,2
DA:13,2
DA:14,1
DA:17,1
LF:8
LH:8
BRDA:13,0,0,1
BRDA:13,0,1,1
BRF:2
BRH:2
end_of_record
TN:
SF:src/modules/tenants/services/UpdateTenantService.ts
FN:8,(anonymous_3)
FN:10,(anonymous_4)
FNF:2
FNH:2
FNDA:3,(anonymous_3)
FNDA:3,(anonymous_4)
DA:1,1
DA:4,1
DA:7,1
DA:8,3
DA:11,3
DA:13,3
DA:14,1
DA:17,2
DA:19,2
DA:20,1
DA:23,1
DA:25,1
DA:27,1
LF:13
LH:13
BRDA:13,0,0,1
BRDA:13,0,1,2
BRDA:19,1,0,1
BRDA:19,1,1,1
BRF:4
BRH:4
end_of_record
